0000000000000000 0000000000000401 b __fixedpath
0000000000000000 A __start__
0000000000000000 T _start
0000000000000000 b _TLS_MODULE_BASE_
0000000000000080 t startup
00000000000000a4 t bssclr_start
00000000000000cc t bss_loop
0000000000000120 T __nx_exit
0000000000000130 T __nx_mod0
0000000000000150 T _init
00000000000001c0 0000000000000038 T exit
0000000000000200 0000000000000184 T main
0000000000000388 t deregister_tm_clones
00000000000003b8 t register_tm_clones
00000000000003f0 t __do_global_dtors_aux
0000000000000408 0000000000002000 b tmp_buffer.7224
0000000000000438 t frame_dummy
0000000000000470 0000000000000030 T __libnx_initheap
00000000000004a0 000000000000014c W __appInit
00000000000005f0 000000000000001c W __appExit
0000000000000610 000000000000003c T pmdmntInitialize
0000000000000650 00000000000000fc T pmdmntGetApplicationPid
0000000000000750 0000000000000034 t ipcCloseObjectById
0000000000000790 0000000000000124 t _hidGetSharedMemoryHandle.constprop.10
00000000000008c0 0000000000000100 t _hidCmdWithNoInput
00000000000009c0 0000000000000134 t _hidCreateAppletResource.constprop.9
0000000000000b00 000000000000010c t _hidCmdWithInputU32
0000000000000c10 0000000000000108 t _hidCmdWithInputU64.constprop.11
0000000000000d20 00000000000001e0 T hidReset
0000000000000f00 000000000000000c T hidGetSharedmemAddr
0000000000000f10 000000000000006c T hidKeysDown
0000000000000f80 000000000000000c T hidTouchCount
0000000000000f90 0000000000000578 T hidScanInput
0000000000001510 0000000000000198 T hidSetSupportedNpadIdType
00000000000016b0 000000000000000c T hidSetSupportedNpadStyleSet
00000000000016c0 0000000000000008 T hidSetNpadJoyHoldType
00000000000016d0 000000000000000c T hidSetNpadJoyAssignmentModeDual
00000000000016e0 000000000000012c T hidExit
0000000000001810 0000000000000168 T hidInitialize
0000000000001980 0000000000000044 T smAddOverrideHandle
00000000000019d0 0000000000000060 T smGetServiceOverride
0000000000001a30 0000000000000014 T smHasInitialized
0000000000001a50 000000000000005c T smExit
0000000000001ab0 0000000000000038 T smEncodeName
0000000000001af0 000000000000012c T smGetServiceOriginal
0000000000001c20 0000000000000158 T smInitialize
0000000000001d80 0000000000000074 T smGetService
0000000000001e00 0000000000000140 t _fatalImpl
0000000000001f40 0000000000000014 T fatalWithType
0000000000001f60 0000000000000014 T fatalSimple
0000000000001f80 0000000000000220 t ipcPrepareHeader
00000000000021a0 000000000000022c t ipcParse
00000000000023d0 00000000000000b0 t serviceIpcParse
0000000000002408 0000000000002000 b tmp_buffer.7248
0000000000002480 0000000000000034 t ipcCloseObjectById
00000000000024c0 0000000000000200 T fsInitialize
00000000000026c0 000000000000009c T fsExit
0000000000002760 00000000000001cc T fsMountSdcard
0000000000002930 00000000000001a4 T fsFsCreateFile
0000000000002ae0 000000000000019c T fsFsDeleteFile
0000000000002c80 000000000000019c T fsFsCreateDirectory
0000000000002e20 000000000000019c T fsFsDeleteDirectory
0000000000002fc0 0000000000000214 T fsFsRenameFile
00000000000031e0 0000000000000214 T fsFsRenameDirectory
0000000000003400 00000000000001b0 T fsFsGetEntryType
00000000000035b0 00000000000001e4 T fsFsOpenFile
00000000000037a0 00000000000001f8 T fsFsOpenDirectory
00000000000039a0 00000000000001b0 T fsFsGetFreeSpace
0000000000003b50 00000000000001b0 T fsFsGetTotalSpace
0000000000003d00 0000000000000194 T fsFsGetFileTimeStampRaw
0000000000003ea0 000000000000006c T fsFsClose
0000000000003f10 00000000000001f0 T fsFileRead
0000000000004100 00000000000001b8 T fsFileWrite
00000000000042c0 000000000000016c T fsFileFlush
0000000000004430 0000000000000174 T fsFileSetSize
00000000000045b0 0000000000000194 T fsFileGetSize
0000000000004750 000000000000006c T fsFileClose
00000000000047c0 000000000000006c T fsDirClose
0000000000004830 00000000000001ec T fsDirRead
0000000000004a20 0000000000000034 t ipcCloseObjectById
0000000000004a60 00000000000001d4 t _setsysGetFirmwareVersionImpl
0000000000004c40 000000000000003c T setsysInitialize
0000000000004c80 000000000000009c T setsysExit
0000000000004d20 0000000000000044 T setsysGetFirmwareVersion
0000000000004d70 0000000000000010 T hosversionGet
0000000000004d80 0000000000000010 T hosversionSet
0000000000004d90 0000000000000010 t fsdev_link
0000000000004da0 0000000000000010 t fsdev_dirreset
0000000000004db0 0000000000000010 t fsdev_chmod
0000000000004dc0 000000000000001c t error_cmp
0000000000004de0 0000000000000058 t fsdev_translate_error
0000000000004e40 0000000000000040 t fsdev_fsync
0000000000004e80 0000000000000060 t fsdev_ftruncate
0000000000004ee0 0000000000000020 t fsdev_dirclose
0000000000004f00 000000000000016c t fsdev_dirnext
0000000000005070 000000000000001c t fsdev_close
0000000000005090 00000000000000a4 t fsdev_fstat
0000000000005140 00000000000000b0 t fsdev_seek
00000000000051f0 0000000000000198 t fsdev_read
0000000000005390 00000000000001a0 t fsdev_write
0000000000005530 0000000000000120 t fsdevFindDevice
0000000000005650 0000000000000140 t _fsdevMountDevice
0000000000005790 00000000000001fc t fsdev_getfspath
0000000000005990 0000000000000070 t fsdev_rmdir
0000000000005a00 00000000000000d4 t fsdev_statvfs
0000000000005ae0 00000000000000ec t fsdev_diropen
0000000000005bd0 0000000000000070 t fsdev_mkdir
0000000000005c40 0000000000000114 t fsdev_rename
0000000000005d60 00000000000000e8 t fsdev_chdir
0000000000005e50 0000000000000070 t fsdev_unlink
0000000000005ec0 00000000000001bc t fsdev_stat
0000000000006080 000000000000019c t fsdev_open
0000000000006220 00000000000000b8 t _fsdevUnmountDeviceStruct.part.4
00000000000062e0 0000000000000010 t fsdev_fchmod
00000000000062f0 0000000000000170 T fsdevMountSdmc
0000000000006460 0000000000000064 T fsdevUnmountAll
00000000000064d0 000000000000012c T decode_utf8
00000000000065fc T svcUnmapMemory
0000000000006604 T svcQueryMemory
0000000000006618 T svcExitProcess
0000000000006620 T svcSleepThread
0000000000006628 T svcMapSharedMemory
0000000000006630 T svcUnmapSharedMemory
0000000000006638 T svcCloseHandle
0000000000006640 T svcArbitrateLock
0000000000006648 T svcArbitrateUnlock
0000000000006650 T svcWaitProcessWideKeyAtomic
0000000000006658 T svcSignalProcessWideKey
0000000000006660 T svcConnectToNamedPort
0000000000006674 T svcSendSyncRequest
000000000000667c T svcBreak
0000000000006684 T svcReturnFromException
000000000000668c T svcGetInfo
00000000000066a0 T svcDebugActiveProcess
00000000000066b4 T __aarch64_read_tp
00000000000066c0 000000000000017c T detectKernelVersion
0000000000006840 0000000000000030 T detectDebugger
0000000000006870 0000000000000058 T rwlockReadLock
00000000000068d0 000000000000005c T rwlockReadUnlock
0000000000006930 0000000000000084 T rwlockWriteLock
00000000000069c0 000000000000003c T rwlockWriteUnlock
0000000000006a00 000000000000008c T mutexLock
0000000000006a90 0000000000000030 T mutexUnlock
0000000000006ac0 000000000000004c T rmutexLock
0000000000006b10 000000000000001c T rmutexUnlock
0000000000006b30 0000000000000014 T shmemLoadRemote
0000000000006b50 0000000000000084 T shmemMap
0000000000006be0 0000000000000058 T shmemUnmap
0000000000006c40 0000000000000044 T shmemClose
0000000000006c90 000000000000007c t _GetRegionFromInfo.isra.1
0000000000006d10 0000000000000114 T virtmemSetup
0000000000006e30 000000000000013c T virtmemReserve
0000000000006f70 0000000000000004 T virtmemFree
0000000000006f80 0000000000000060 T condvarWaitTimeout
0000000000006fe0 0000000000000028 T appletGetAppletResourceUserId
0000000000007010 00000000000000a0 T __nx_dynamic
00000000000070b0 0000000000000208 T envSetup
00000000000072c0 0000000000000020 T envGetMainThreadHandle
00000000000072e0 000000000000000c T envIsNso
00000000000072f0 0000000000000014 T envHasArgv
0000000000007310 000000000000000c T envGetArgv
0000000000007320 000000000000000c T envGetExitFuncPtr
0000000000007330 0000000000000028 W __libnx_init
0000000000007360 0000000000000020 W __libnx_exit
0000000000007380 000000000000001c T __syscall_exit
00000000000073a0 0000000000000034 T __syscall_getreent
00000000000073e0 0000000000000004 T __syscall_lock_acquire
00000000000073f0 0000000000000004 T __syscall_lock_release
0000000000007400 0000000000000004 T __syscall_lock_acquire_recursive
0000000000007410 0000000000000004 T __syscall_lock_release_recursive
0000000000007420 0000000000000080 T newlibSetup
00000000000074a0 0000000000000324 T argvSetup
00000000000077c4 W __libnx_exception_entry
0000000000007850 t __libnx_exception_entry_start
0000000000007978 t __libnx_exception_entry_abort
000000000000797c t __libnx_exception_entry_end
0000000000007984 T __libnx_exception_returnentry
00000000000079a0 00000000000000c4 T nxlinkSetup
0000000000007a68 00000000000000b8 T bsearch
0000000000007b20 0000000000000014 T __errno
0000000000007b38 000000000000015c T _fclose_r
0000000000007c98 000000000000001c T fclose
0000000000007cb8 0000000000000214 T __sflush_r
0000000000007ed0 00000000000000b8 T _fflush_r
0000000000007f88 0000000000000040 T fflush
0000000000007fc8 0000000000000078 t std
0000000000008040 000000000000000c T _cleanup_r
0000000000008050 0000000000000060 T __sfmoreglue
00000000000080b0 000000000000000c T __sfp_lock_acquire
00000000000080c0 000000000000000c T __sfp_lock_release
00000000000080d0 000000000000000c T __sinit_lock_acquire
00000000000080e0 000000000000000c T __sinit_lock_release
00000000000080f0 0000000000000080 T __sinit
0000000000008170 0000000000000118 T __sfp
0000000000008288 0000000000000044 T __libc_fini_array
00000000000082d0 0000000000000130 T _fopen_r
0000000000008400 0000000000000030 T fopen
0000000000008430 0000000000000094 T fprintf
00000000000084c8 0000000000000118 T _malloc_trim_r
00000000000085e0 00000000000002f4 T _free_r
00000000000088d8 0000000000000004 T _fseek_r
00000000000088e0 00000000000004c4 T _fseeko_r
0000000000008da8 00000000000000b8 T _fwalk
0000000000008e60 00000000000000bc T _fwalk_reent
0000000000008f20 00000000000000e0 T _fwrite_r
0000000000009000 0000000000000040 T fwrite
0000000000009040 000000000000008c T __libc_init_array
00000000000090d0 00000000000000a4 T __swhatbuf_r
0000000000009178 000000000000010c T __smakebuf_r
0000000000009288 000000000000001c T malloc
00000000000092a8 000000000000001c T free
00000000000092c8 000000000000087c T _malloc_r
0000000000009b80 000000000000016c T memcpy
0000000000009d00 00000000000001dc T memset
0000000000009ee0 000000000000000c T __malloc_lock
0000000000009ef0 000000000000000c T __malloc_unlock
0000000000009f00 0000000000000020 t lflush
0000000000009f20 00000000000001d0 T __srefill_r
000000000000a0f0 0000000000000050 T __sread
000000000000a140 000000000000006c T __swrite
000000000000a1b0 0000000000000050 T __sseek
000000000000a200 0000000000000008 T __sclose
000000000000a208 00000000000000dc T strchr
000000000000a300 0000000000000140 T strlen
000000000000a440 0000000000000084 T strncat
000000000000a51c 00000000000001b8 T strncmp
000000000000a6d8 00000000000000a8 T strncpy
000000000000a7a4 00000000000000e0 T strnlen
000000000000a860 00000000000001ac t _strtoul_l.isra.0
000000000000aa10 0000000000000048 T strtoul
000000000000aa58 000000000000076c t get_arg
000000000000b1c4 0000000000003c28 T _vfprintf_r
000000000000edec 00000000000000ec t __sbprintf
000000000000eed8 00000000000000d0 T _wcrtomb_r
000000000000efa8 0000000000000010 T _wcsrtombs_r
000000000000efb8 0000000000000140 T __swsetup_r
000000000000f0f8 0000000000000124 T __call_exitprocs
000000000000f220 00000000000001a8 t quorem
000000000000f3c8 00000000000010dc T _dtoa_r
00000000000104a8 00000000000000a8 T __sflags
0000000000010550 00000000000004b8 T __sfvwrite_r
0000000000010a08 0000000000000008 T __localeconv_l
0000000000010a10 0000000000000028 T _localeconv_r
0000000000010a38 000000000000002c T __locale_mb_cur_max
0000000000010a68 00000000000002c8 T __utf8_mbtowc
0000000000010d30 00000000000000d8 T memchr
0000000000010e40 00000000000000ac T memmove
0000000000010ef0 0000000000000090 T _Balloc
0000000000010f80 000000000000001c T _Bfree
0000000000010fa0 00000000000000e8 T __multadd
0000000000011088 000000000000005c T __hi0bits
00000000000110e8 00000000000000a0 T __lo0bits
0000000000011188 000000000000002c T __i2b
00000000000111b8 00000000000001c8 T __multiply
0000000000011380 0000000000000104 T __pow5mult
0000000000011488 0000000000000134 T __lshift
00000000000115c0 0000000000000050 T __mcmp
0000000000011610 000000000000014c T __mdiff
0000000000011760 0000000000000138 T __d2b
0000000000011898 000000000000056c T _realloc_r
0000000000011e08 000000000000007c T frexp
0000000000011ec0 00000000000000e4 T strcmp
0000000000011fa4 000000000000003c T __sprint_r
0000000000011fe0 00000000000001dc T _wcsnrtombs_l
00000000000121c0 0000000000000054 T _wcsnrtombs_r
0000000000012218 00000000000000e4 T __utf8_wctomb
0000000000012300 0000000000000094 T _calloc_r
0000000000012398 0000000000000008 t null_write
00000000000123a0 0000000000000018 T setDefaultDevice
00000000000123b8 0000000000000108 T FindDevice
00000000000124c0 0000000000000034 T RemoveDevice
00000000000124f8 00000000000000d8 T AddDevice
00000000000125d0 00000000000000a8 T _close_r
0000000000012678 0000000000000080 T _fstat_r
00000000000126f8 0000000000000008 T _isatty_r
0000000000012700 0000000000000094 T _lseek_r
0000000000012798 00000000000000e0 T _open_r
0000000000012878 00000000000000a4 T _read_r
0000000000012920 0000000000000078 T _sbrk_r
0000000000012998 00000000000000a4 T _write_r
0000000000012a40 0000000000000020 T _exit
0000000000012a60 0000000000000234 T _concatenate_path
0000000000012c98 0000000000000178 T chdir
0000000000012e10 0000000000000014 T __libc_lock_acquire
0000000000012e28 0000000000000014 T __libc_lock_release
0000000000012e40 000000000000000c T __libc_lock_init_recursive
0000000000012e50 0000000000000014 T __libc_lock_acquire_recursive
0000000000012e68 0000000000000014 T __libc_lock_release_recursive
0000000000012e80 0000000000000004 T __libc_lock_close_recursive
0000000000012e88 000000000000003c T __free_handle
0000000000012ec8 0000000000000058 T __release_handle
0000000000012f20 00000000000000c0 T __alloc_handle
0000000000012fe0 0000000000000020 T __get_handle
0000000000013000 0000000000000020 T __getreent
0000000000013020 0000000000000348 t __trunctfdf2
0000000000013368 0000000000000070 t __sfp_handle_exceptions
00000000000133d8 0000000000000100 T strrchr
00000000000134d8 T _fini
0000000000014140 0000000000000018 r error_table
0000000000014170 0000000000000101 R _ctype_
0000000000014400 0000000000000010 r blanks.6605
0000000000014410 0000000000000010 r zeroes.6606
00000000000144b8 0000000000000028 R __mprec_bigtens
00000000000144e0 00000000000000c8 R __mprec_tens
00000000000145a8 000000000000000c r p05.5339
00000000000145b8 000000000000006c R __action_table
0000000000014628 0000000000000100 R __chclass
0000000000014728 000000000000006c R __state_table
00000000000147a0 0000000000000003 R DIRECTORY_PARENT
00000000000147a8 r __EH_FRAME_BEGIN__
00000000000147a8 R __eh_frame_hdr_end
00000000000147a8 R __eh_frame_hdr_start
000000000001772c r __FRAME_END__
0000000000017730 a _DYNAMIC
000000000001a000 t __frame_dummy_init_array_entry
000000000001a000 T __init_array_start
000000000001a000 B __preinit_array_end
000000000001a000 B __preinit_array_start
000000000001a000 D __tdata_lma
000000000001a000 D __tdata_lma_end
000000000001a008 t __do_global_dtors_aux_fini_array_entry
000000000001a008 T __fini_array_start
000000000001a008 T __init_array_end
000000000001a010 T __fini_array_end
000000000001a010 T __got_start__
000000000001a010 a _GLOBAL_OFFSET_TABLE_
000000000001a208 D __got_end__
000000000001a208 0000000000000008 D nx_inner_heap_size
000000000001a210 0000000000000004 D __nx_applet_type
000000000001a218 0000000000000401 d __cwd
000000000001a61c 0000000000000004 d fsdev_fsdevice_cwd
000000000001a620 0000000000000004 d fsdev_fsdevice_default
000000000001a628 00000000000000e0 d fsdev_devoptab
000000000001a708 0000000000000008 V __nx_exception_stack_size
000000000001a710 0000000000000008 D _impure_ptr
000000000001a718 0000000000000768 d impure_data
000000000001ae80 0000000000000008 D _global_impure_ptr
000000000001ae88 0000000000000008 D __malloc_sbrk_base
000000000001ae90 0000000000000008 D __malloc_trim_threshold
000000000001ae98 0000000000000810 D __malloc_av_
000000000001b6a8 00000000000001a8 D __global_locale
000000000001b850 0000000000000004 d defaultDevice
000000000001b858 0000000000000080 D devoptab_list
000000000001b8d8 00000000000000e0 D dotab_stdnull
000000000001b9b8 0000000000000400 d _current_working_directory
000000000001bdb8 0000000000000010 d __stderr_handle
000000000001bdc8 0000000000000010 d __stdin_handle
000000000001bdd8 0000000000000010 d __stdout_handle
000000000001bde8 0000000000002000 d handles
000000000001dde8 D __bss_start__
000000000001dde8 D __TMC_END__
000000000001dde8 b completed.7870
000000000001ddf0 b object.7875
000000000001de20 0000000000000008 b g_pmdmntRefCnt
000000000001de28 000000000000000c b g_pmdmntSrv
000000000001de38 0000000000000050 b g_controllerDown
000000000001de88 00000000000001e0 b g_controllerEntries
000000000001e068 0000000000000190 b g_controllerHeaders
000000000001e1f8 0000000000000050 b g_controllerHeld
000000000001e248 0000000000000028 b g_controllerLayout
000000000001e270 0000000000000050 b g_controllerOld
000000000001e2c0 0000000000000004 b g_controllerP1AutoID
000000000001e2c8 0000000000000050 b g_controllerTimestamps
000000000001e318 0000000000000050 b g_controllerUp
000000000001e368 000000000000000c b g_hidIAppletResource
000000000001e378 0000000000000010 b g_hidLock
000000000001e388 0000000000000020 b g_hidSharedmem
000000000001e3a8 000000000000000c b g_hidSrv
000000000001e3b8 0000000000000020 b g_keyboardDown
000000000001e3d8 0000000000000038 b g_keyboardEntry
000000000001e410 0000000000000020 b g_keyboardHeld
000000000001e430 0000000000000008 b g_keyboardModDown
000000000001e438 0000000000000008 b g_keyboardModHeld
000000000001e440 0000000000000008 b g_keyboardModOld
000000000001e448 0000000000000008 b g_keyboardModUp
000000000001e450 0000000000000020 b g_keyboardOld
000000000001e470 0000000000000008 b g_keyboardTimestamp
000000000001e478 0000000000000020 b g_keyboardUp
000000000001e498 0000000000000400 b g_mouse
000000000001e898 0000000000000008 b g_mouseDown
000000000001e8a0 0000000000000008 b g_mouseEntry
000000000001e8a8 0000000000000008 b g_mouseHeld
000000000001e8b0 0000000000000008 b g_mouseOld
000000000001e8b8 0000000000000008 b g_mouseTimestamp
000000000001e8c0 0000000000000008 b g_mouseUp
000000000001e8c8 0000000000000008 b g_refCnt
000000000001e8d0 000000000000000a b g_sixaxisEnabled
000000000001e8e0 0000000000004650 b g_sixaxisLayouts
0000000000022f30 0000000000000298 b g_touchEntry
00000000000231c8 0000000000000008 b g_touchTimestamp
00000000000231d0 0000000000000008 b g_refCnt
00000000000231d8 0000000000000004 b g_smHandle
00000000000231e0 0000000000000200 b g_smOverrides
00000000000233e0 0000000000000008 b g_smOverridesNum
00000000000233e8 000000000000000c b g_fsSrv
00000000000233f8 0000000000000008 b g_refCnt
0000000000023400 0000000000000008 b g_refCntSys
0000000000023408 000000000000000c b g_setsysSrv
0000000000023414 0000000000000004 b g_hosVersion
0000000000023418 0000000000002300 b fsdev_fsdevices
0000000000025718 0000000000000001 b fsdev_initialised
000000000002571c 0000000000000004 b g_Version
0000000000025720 0000000000000001 b g_VersionCached
0000000000025724 0000000000000004 b g_VersionMutex
0000000000025728 0000000000000010 b g_AddressSpace
0000000000025738 0000000000000008 b g_CurrentAddr
0000000000025740 0000000000000030 b g_Region
0000000000025770 0000000000000004 b g_VirtMemMutex
0000000000025778 0000000000000008 b g_appletResourceUserId
0000000000025780 000000000000000c b g_appletSrv
000000000002578c 0000000000000001 b g_hasRandomSeed
000000000002578d 0000000000000001 b g_isNso
0000000000025790 0000000000000004 b g_lastLoadResult
0000000000025798 0000000000000008 b g_loaderRetAddr
00000000000257a0 0000000000000004 b g_mainThreadHandle
00000000000257a8 0000000000000008 b g_nextLoadArgv
00000000000257b0 0000000000000008 b g_nextLoadPath
00000000000257b8 0000000000000008 b g_overrideArgv
00000000000257c0 0000000000000008 b g_overrideHeapAddr
00000000000257c8 0000000000000008 b g_overrideHeapSize
00000000000257d0 0000000000000004 b g_processHandle
00000000000257d8 0000000000000010 b g_randomSeed
00000000000257e8 0000000000000010 b g_syscallHints
00000000000257f8 0000000000000004 V __nx_exception_ignoredebug
0000000000025800 0000000000000400 V __nx_exception_stack
0000000000025c00 0000000000000008 b g_argv_empty
0000000000025c08 000000000000000c b __sfp_recursive_mutex
0000000000025c18 000000000000000c b __sinit_recursive_mutex
0000000000025c28 0000000000000028 B __malloc_current_mallinfo
0000000000025c50 0000000000000008 B __malloc_max_sbrked_mem
0000000000025c58 0000000000000008 B __malloc_max_total_mem
0000000000025c60 0000000000000008 B __malloc_top_pad
0000000000025c68 000000000000000c b __malloc_recursive_mutex
0000000000025c78 000000000000000c B __atexit_recursive_mutex
0000000000025c88 0000000000000008 b heap_start.5295
0000000000025c90 0000000000000008 B fake_heap_end
0000000000025c98 0000000000000008 B fake_heap_start
0000000000025ca0 0000000000000400 b temp_cwd
00000000000260a0 0000000000000004 b __hndl_lock
00000000000260a8 0000000000000004 B m_debugHandle
00000000000260b0 0000000000080000 B nx_inner_heap
00000000000a60b0 0000000000000340 B __nx_exceptiondump
00000000000a63f0 0000000000000008 B __stack_top
00000000000a63f8 0000000000000008 B __system_argv
00000000000a6400 0000000000000004 B __system_argc
00000000000a6408 0000000000000004 B __nxlink_host
00000000000a6410 B __tls_start
00000000000aa818 B __bss_end__
00000000000aa818 A __end__
00000000000aa818 B __tls_end
00000000000ab000 A __argdata__
